<?xml version="1.0" encoding="UTF-8"?>
<!-- Generated by org.testng.reporters.JUnitXMLReporter -->
<testsuite ignored="0" hostname="LAPTOP-TANMOY" failures="0" tests="4" name="Login Tests" time="15.709" errors="0" timestamp="2025-07-12T22:06:06 IST">
  <testcase classname="tests.LoginTest" name="validLoginTest" time="0.309"/>
  <testcase classname="tests.LoginTest" name="invalidLoginTest" time="0.244"/>
  <testcase classname="tests.ProductFilterTest" name="verifyProductSortingLowToHigh" time="0.513"/>
  <testcase classname="tests.ProductFilterTest" name="verifyProductSortingHighToLow" time="0.531"/>
</testsuite> <!-- Login Tests -->
