<?xml version="1.0" encoding="UTF-8"?>
<!-- Generated by org.testng.reporters.JUnitXMLReporter -->
<testsuite ignored="0" hostname="LAPTOP-TANMOY" failures="0" tests="6" name="Login Tests" time="24.897" errors="0" timestamp="2025-07-13T00:06:06 IST">
  <testcase classname="tests.LoginTest" name="validLoginTest" time="0.384"/>
  <testcase classname="tests.LoginTest" name="invalidLoginTest" time="0.392"/>
  <testcase classname="tests.ProductFilterTest" name="verifyProductSortingLowToHigh" time="0.715"/>
  <testcase classname="tests.ProductFilterTest" name="verifyProductSortingHighToLow" time="0.651"/>
  <testcase classname="tests.AddToCartTest" name="testAddAndRemoveProduct" time="0.582"/>
  <testcase classname="tests.LogoutTest" name="testLogoutFunctionality" time="1.133"/>
</testsuite> <!-- Login Tests -->
