<?xml version="1.0" encoding="UTF-8"?>
<testng-results ignored="0" total="6" passed="6" failed="0" skipped="0">
  <reporter-output>
  </reporter-output>
  <suite started-at="2025-07-13T00:05:41 IST" name="Ecommerce Test Suite" finished-at="2025-07-13T00:06:06 IST" duration-ms="24897">
    <groups>
    </groups>
    <test started-at="2025-07-13T00:05:41 IST" name="Login Tests" finished-at="2025-07-13T00:06:06 IST" duration-ms="24897">
      <class name="tests.LoginTest">
        <test-method is-config="true" signature="setUp(java.lang.String)[pri:0, instance:tests.LoginTest@4f83df68]" started-at="2025-07-13T00:05:41 IST" name="setUp" finished-at="2025-07-13T00:05:45 IST" duration-ms="4443" status="PASS">
          <params>
            <param index="0">
              <value>
                <![CDATA[chrome]]>
              </value>
            </param>
          </params>
          <reporter-output>
          </reporter-output>
        </test-method> <!-- setUp -->
        <test-method signature="validLoginTest()[pri:1, instance:tests.LoginTest@4f83df68]" started-at="2025-07-13T00:05:45 IST" name="validLoginTest" finished-at="2025-07-13T00:05:46 IST" duration-ms="384" status="PASS">
          <reporter-output>
          </reporter-output>
        </test-method> <!-- validLoginTest -->
        <test-method is-config="true" signature="tearDown()[pri:0, instance:tests.LoginTest@4f83df68]" started-at="2025-07-13T00:05:46 IST" name="tearDown" finished-at="2025-07-13T00:05:46 IST" duration-ms="171" status="PASS">
          <reporter-output>
          </reporter-output>
        </test-method> <!-- tearDown -->
        <test-method is-config="true" signature="setUp(java.lang.String)[pri:0, instance:tests.LoginTest@4f83df68]" started-at="2025-07-13T00:05:46 IST" name="setUp" finished-at="2025-07-13T00:05:49 IST" duration-ms="2942" status="PASS">
          <params>
            <param index="0">
              <value>
                <![CDATA[chrome]]>
              </value>
            </param>
          </params>
          <reporter-output>
          </reporter-output>
        </test-method> <!-- setUp -->
        <test-method signature="invalidLoginTest()[pri:2, instance:tests.LoginTest@4f83df68]" started-at="2025-07-13T00:05:49 IST" name="invalidLoginTest" finished-at="2025-07-13T00:05:49 IST" duration-ms="392" status="PASS">
          <reporter-output>
          </reporter-output>
        </test-method> <!-- invalidLoginTest -->
        <test-method is-config="true" signature="tearDown()[pri:0, instance:tests.LoginTest@4f83df68]" started-at="2025-07-13T00:05:49 IST" name="tearDown" finished-at="2025-07-13T00:05:49 IST" duration-ms="162" status="PASS">
          <reporter-output>
          </reporter-output>
        </test-method> <!-- tearDown -->
      </class> <!-- tests.LoginTest -->
      <class name="tests.ProductFilterTest">
        <test-method is-config="true" signature="setUp(java.lang.String)[pri:0, instance:tests.ProductFilterTest@78691363]" started-at="2025-07-13T00:05:49 IST" name="setUp" finished-at="2025-07-13T00:05:53 IST" duration-ms="3232" status="PASS">
          <params>
            <param index="0">
              <value>
                <![CDATA[chrome]]>
              </value>
            </param>
          </params>
          <reporter-output>
          </reporter-output>
        </test-method> <!-- setUp -->
        <test-method signature="verifyProductSortingLowToHigh()[pri:1, instance:tests.ProductFilterTest@78691363]" started-at="2025-07-13T00:05:53 IST" name="verifyProductSortingLowToHigh" finished-at="2025-07-13T00:05:53 IST" duration-ms="715" status="PASS">
          <reporter-output>
          </reporter-output>
        </test-method> <!-- verifyProductSortingLowToHigh -->
        <test-method is-config="true" signature="tearDown()[pri:0, instance:tests.ProductFilterTest@78691363]" started-at="2025-07-13T00:05:53 IST" name="tearDown" finished-at="2025-07-13T00:05:54 IST" duration-ms="185" status="PASS">
          <reporter-output>
          </reporter-output>
        </test-method> <!-- tearDown -->
        <test-method is-config="true" signature="setUp(java.lang.String)[pri:0, instance:tests.ProductFilterTest@78691363]" started-at="2025-07-13T00:05:54 IST" name="setUp" finished-at="2025-07-13T00:05:57 IST" duration-ms="3423" status="PASS">
          <params>
            <param index="0">
              <value>
                <![CDATA[chrome]]>
              </value>
            </param>
          </params>
          <reporter-output>
          </reporter-output>
        </test-method> <!-- setUp -->
        <test-method signature="verifyProductSortingHighToLow()[pri:2, instance:tests.ProductFilterTest@78691363]" started-at="2025-07-13T00:05:57 IST" name="verifyProductSortingHighToLow" finished-at="2025-07-13T00:05:58 IST" duration-ms="651" status="PASS">
          <reporter-output>
          </reporter-output>
        </test-method> <!-- verifyProductSortingHighToLow -->
        <test-method is-config="true" signature="tearDown()[pri:0, instance:tests.ProductFilterTest@78691363]" started-at="2025-07-13T00:05:58 IST" name="tearDown" finished-at="2025-07-13T00:05:58 IST" duration-ms="168" status="PASS">
          <reporter-output>
          </reporter-output>
        </test-method> <!-- tearDown -->
      </class> <!-- tests.ProductFilterTest -->
      <class name="tests.AddToCartTest">
        <test-method is-config="true" signature="setUp(java.lang.String)[pri:0, instance:tests.AddToCartTest@41d477ed]" started-at="2025-07-13T00:05:58 IST" name="setUp" finished-at="2025-07-13T00:06:01 IST" duration-ms="2778" status="PASS">
          <params>
            <param index="0">
              <value>
                <![CDATA[chrome]]>
              </value>
            </param>
          </params>
          <reporter-output>
          </reporter-output>
        </test-method> <!-- setUp -->
        <test-method signature="testAddAndRemoveProduct()[pri:0, instance:tests.AddToCartTest@41d477ed]" started-at="2025-07-13T00:06:01 IST" name="testAddAndRemoveProduct" finished-at="2025-07-13T00:06:01 IST" duration-ms="582" status="PASS">
          <reporter-output>
          </reporter-output>
        </test-method> <!-- testAddAndRemoveProduct -->
        <test-method is-config="true" signature="tearDown()[pri:0, instance:tests.AddToCartTest@41d477ed]" started-at="2025-07-13T00:06:01 IST" name="tearDown" finished-at="2025-07-13T00:06:01 IST" duration-ms="163" status="PASS">
          <reporter-output>
          </reporter-output>
        </test-method> <!-- tearDown -->
      </class> <!-- tests.AddToCartTest -->
      <class name="tests.LogoutTest">
        <test-method is-config="true" signature="setUp(java.lang.String)[pri:0, instance:tests.LogoutTest@3590fc5b]" started-at="2025-07-13T00:06:01 IST" name="setUp" finished-at="2025-07-13T00:06:05 IST" duration-ms="3122" status="PASS">
          <params>
            <param index="0">
              <value>
                <![CDATA[chrome]]>
              </value>
            </param>
          </params>
          <reporter-output>
          </reporter-output>
        </test-method> <!-- setUp -->
        <test-method signature="testLogoutFunctionality()[pri:0, instance:tests.LogoutTest@3590fc5b]" started-at="2025-07-13T00:06:05 IST" name="testLogoutFunctionality" finished-at="2025-07-13T00:06:06 IST" duration-ms="1133" status="PASS">
          <reporter-output>
          </reporter-output>
        </test-method> <!-- testLogoutFunctionality -->
        <test-method is-config="true" signature="tearDown()[pri:0, instance:tests.LogoutTest@3590fc5b]" started-at="2025-07-13T00:06:06 IST" name="tearDown" finished-at="2025-07-13T00:06:06 IST" duration-ms="183" status="PASS">
          <reporter-output>
          </reporter-output>
        </test-method> <!-- tearDown -->
      </class> <!-- tests.LogoutTest -->
    </test> <!-- Login Tests -->
  </suite> <!-- Ecommerce Test Suite -->
</testng-results>
